2015-03-02 12:54:18,061 [Worker-2] INFO  o.e.m.c.i.l.LifecycleMappingFactory - Using org.eclipse.m2e.jdt.JarLifecycleMapping lifecycle mapping for MavenProject: edu.calstatela.cs454.instructor.crawler:crawler3-app:1.0-SNAPSHOT @ C:\Users\Varun\Documents\GitHub\Seo-CS454\crawler3-app\pom.xml.
2015-03-02 12:54:25,278 [Worker-2] INFO  o.e.m.j.i.AbstractJavaProjectConfigurator - Adding source folder /crawler3-app/src/main/java
2015-03-02 12:54:25,278 [Worker-2] INFO  o.e.m.j.i.AbstractJavaProjectConfigurator - Adding source folder /crawler3-app/src/test/java
2015-03-02 12:54:25,290 [Worker-5] INFO  o.e.m.c.i.l.LifecycleMappingFactory - Using org.eclipse.m2e.jdt.JarLifecycleMapping lifecycle mapping for MavenProject: edu.calstatela.cs454.instructor.crawler:crawler3-app:1.0-SNAPSHOT @ C:\Users\Varun\Documents\GitHub\Seo-CS454\crawler3-app\pom.xml.
2015-03-02 12:54:26,794 [Worker-2] INFO  o.e.m.c.i.p.ProjectConfigurationManager - Imported and configured 1 project(s) in 16 sec
2015-03-02 12:54:28,674 [Worker-2] INFO  o.e.m.c.i.l.LifecycleMappingFactory - Using org.eclipse.m2e.jdt.JarLifecycleMapping lifecycle mapping for MavenProject: edu.calstatela.cs454.instructor.crawler:crawler3-app:1.0-SNAPSHOT @ C:\Users\Varun\Documents\GitHub\Seo-CS454\crawler3-app\pom.xml.
2015-03-02 12:54:33,106 [Worker-2] INFO  o.e.m.c.i.embedder.EclipseLogger - Using 'UTF-8' encoding to copy filtered resources.
2015-03-02 12:54:33,106 [Worker-2] INFO  o.e.m.c.i.embedder.EclipseLogger - skip non existing resourceDirectory C:\Users\Varun\Documents\GitHub\Seo-CS454\crawler3-app\src\main\resources
2015-03-02 12:54:33,110 [Worker-2] INFO  o.e.m.c.i.embedder.EclipseLogger - Using 'UTF-8' encoding to copy filtered resources.
2015-03-02 12:54:33,110 [Worker-2] INFO  o.e.m.c.i.embedder.EclipseLogger - skip non existing resourceDirectory C:\Users\Varun\Documents\GitHub\Seo-CS454\crawler3-app\src\test\resources
2015-03-02 12:54:34,407 [Worker-7] INFO  o.e.m.c.i.l.LifecycleMappingFactory - Using org.eclipse.m2e.jdt.JarLifecycleMapping lifecycle mapping for MavenProject: edu.calstatela.cs454.instructor.crawler:crawler3-app:1.0-SNAPSHOT @ C:\Users\Varun\Documents\GitHub\Seo-CS454\crawler3-app\pom.xml.
2015-03-02 12:54:41,690 [Worker-6] INFO  o.e.m.c.i.embedder.EclipseLogger - Using 'UTF-8' encoding to copy filtered resources.
2015-03-02 12:54:41,690 [Worker-6] INFO  o.e.m.c.i.embedder.EclipseLogger - skip non existing resourceDirectory C:\Users\Varun\Documents\GitHub\Seo-CS454\crawler3-app\src\main\resources
2015-03-02 12:54:41,694 [Worker-6] INFO  o.e.m.c.i.embedder.EclipseLogger - Using 'UTF-8' encoding to copy filtered resources.
2015-03-02 12:54:41,694 [Worker-6] INFO  o.e.m.c.i.embedder.EclipseLogger - skip non existing resourceDirectory C:\Users\Varun\Documents\GitHub\Seo-CS454\crawler3-app\src\test\resources
2015-03-02 12:55:35,245 [Worker-8] INFO  o.e.m.c.i.embedder.EclipseLogger - Using 'UTF-8' encoding to copy filtered resources.
2015-03-02 12:55:35,245 [Worker-8] INFO  o.e.m.c.i.embedder.EclipseLogger - skip non existing resourceDirectory C:\Users\Varun\Documents\GitHub\Seo-CS454\crawler3-app\src\main\resources
2015-03-02 12:55:35,245 [Worker-8] INFO  o.e.m.c.i.embedder.EclipseLogger - Using 'UTF-8' encoding to copy filtered resources.
2015-03-02 12:55:35,245 [Worker-8] INFO  o.e.m.c.i.embedder.EclipseLogger - skip non existing resourceDirectory C:\Users\Varun\Documents\GitHub\Seo-CS454\crawler3-app\src\test\resources
2015-03-02 12:55:37,366 [Worker-7] INFO  o.e.m.c.i.embedder.EclipseLogger - Using 'UTF-8' encoding to copy filtered resources.
2015-03-02 12:55:37,366 [Worker-7] INFO  o.e.m.c.i.embedder.EclipseLogger - skip non existing resourceDirectory C:\Users\Varun\Documents\GitHub\Seo-CS454\crawler3-app\src\main\resources
2015-03-02 12:55:37,370 [Worker-7] INFO  o.e.m.c.i.embedder.EclipseLogger - Using 'UTF-8' encoding to copy filtered resources.
2015-03-02 12:55:37,374 [Worker-7] INFO  o.e.m.c.i.embedder.EclipseLogger - skip non existing resourceDirectory C:\Users\Varun\Documents\GitHub\Seo-CS454\crawler3-app\src\test\resources
2015-03-02 12:57:59,129 [Worker-1] INFO  o.e.m.c.i.embedder.EclipseLogger - Using 'UTF-8' encoding to copy filtered resources.
2015-03-02 12:57:59,129 [Worker-1] INFO  o.e.m.c.i.embedder.EclipseLogger - skip non existing resourceDirectory C:\Users\Varun\Documents\GitHub\Seo-CS454\crawler3-app\src\main\resources
2015-03-02 12:57:59,133 [Worker-1] INFO  o.e.m.c.i.embedder.EclipseLogger - Using 'UTF-8' encoding to copy filtered resources.
2015-03-02 12:57:59,133 [Worker-1] INFO  o.e.m.c.i.embedder.EclipseLogger - skip non existing resourceDirectory C:\Users\Varun\Documents\GitHub\Seo-CS454\crawler3-app\src\test\resources
2015-03-02 12:58:01,880 [Worker-5] INFO  o.e.m.c.i.embedder.EclipseLogger - Using 'UTF-8' encoding to copy filtered resources.
2015-03-02 12:58:01,880 [Worker-5] INFO  o.e.m.c.i.embedder.EclipseLogger - skip non existing resourceDirectory C:\Users\Varun\Documents\GitHub\Seo-CS454\crawler3-app\src\main\resources
2015-03-02 12:58:01,880 [Worker-5] INFO  o.e.m.c.i.embedder.EclipseLogger - Using 'UTF-8' encoding to copy filtered resources.
2015-03-02 12:58:01,880 [Worker-5] INFO  o.e.m.c.i.embedder.EclipseLogger - skip non existing resourceDirectory C:\Users\Varun\Documents\GitHub\Seo-CS454\crawler3-app\src\test\resources
2015-03-02 14:35:36,422 [Worker-19] INFO  o.e.m.c.i.embedder.EclipseLogger - Using 'UTF-8' encoding to copy filtered resources.
2015-03-02 14:35:36,423 [Worker-19] INFO  o.e.m.c.i.embedder.EclipseLogger - skip non existing resourceDirectory C:\Users\Varun\Documents\GitHub\Seo-CS454\crawler3-app\src\main\resources
2015-03-02 14:35:36,425 [Worker-19] INFO  o.e.m.c.i.embedder.EclipseLogger - Using 'UTF-8' encoding to copy filtered resources.
2015-03-02 14:35:36,426 [Worker-19] INFO  o.e.m.c.i.embedder.EclipseLogger - skip non existing resourceDirectory C:\Users\Varun\Documents\GitHub\Seo-CS454\crawler3-app\src\test\resources
2015-03-02 14:36:01,321 [Worker-3] INFO  o.e.m.c.i.embedder.EclipseLogger - Using 'UTF-8' encoding to copy filtered resources.
2015-03-02 14:36:01,321 [Worker-3] INFO  o.e.m.c.i.embedder.EclipseLogger - skip non existing resourceDirectory C:\Users\Varun\Documents\GitHub\Seo-CS454\crawler3-app\src\main\resources
2015-03-02 14:36:01,321 [Worker-3] INFO  o.e.m.c.i.embedder.EclipseLogger - Using 'UTF-8' encoding to copy filtered resources.
2015-03-02 14:36:01,321 [Worker-3] INFO  o.e.m.c.i.embedder.EclipseLogger - skip non existing resourceDirectory C:\Users\Varun\Documents\GitHub\Seo-CS454\crawler3-app\src\test\resources
2015-03-02 14:36:21,618 [Worker-21] INFO  o.e.m.c.i.embedder.EclipseLogger - Using 'UTF-8' encoding to copy filtered resources.
2015-03-02 14:36:21,618 [Worker-21] INFO  o.e.m.c.i.embedder.EclipseLogger - skip non existing resourceDirectory C:\Users\Varun\Documents\GitHub\Seo-CS454\crawler3-app\src\main\resources
2015-03-02 14:36:21,618 [Worker-21] INFO  o.e.m.c.i.embedder.EclipseLogger - Using 'UTF-8' encoding to copy filtered resources.
2015-03-02 14:36:21,622 [Worker-21] INFO  o.e.m.c.i.embedder.EclipseLogger - skip non existing resourceDirectory C:\Users\Varun\Documents\GitHub\Seo-CS454\crawler3-app\src\test\resources
2015-03-02 14:48:48,995 [Worker-23] INFO  o.e.m.c.i.embedder.EclipseLogger - Using 'UTF-8' encoding to copy filtered resources.
2015-03-02 14:48:48,997 [Worker-23] INFO  o.e.m.c.i.embedder.EclipseLogger - skip non existing resourceDirectory C:\Users\Varun\Documents\GitHub\Seo-CS454\crawler3-app\src\main\resources
2015-03-02 14:48:48,998 [Worker-23] INFO  o.e.m.c.i.embedder.EclipseLogger - Using 'UTF-8' encoding to copy filtered resources.
2015-03-02 14:48:48,999 [Worker-23] INFO  o.e.m.c.i.embedder.EclipseLogger - skip non existing resourceDirectory C:\Users\Varun\Documents\GitHub\Seo-CS454\crawler3-app\src\test\resources
2015-03-02 14:48:55,616 [Worker-14] INFO  o.e.m.c.i.embedder.EclipseLogger - Using 'UTF-8' encoding to copy filtered resources.
2015-03-02 14:48:55,617 [Worker-14] INFO  o.e.m.c.i.embedder.EclipseLogger - skip non existing resourceDirectory C:\Users\Varun\Documents\GitHub\Seo-CS454\crawler3-app\src\main\resources
2015-03-02 14:48:55,618 [Worker-14] INFO  o.e.m.c.i.embedder.EclipseLogger - Using 'UTF-8' encoding to copy filtered resources.
2015-03-02 14:48:55,619 [Worker-14] INFO  o.e.m.c.i.embedder.EclipseLogger - skip non existing resourceDirectory C:\Users\Varun\Documents\GitHub\Seo-CS454\crawler3-app\src\test\resources
2015-03-02 14:51:46,986 [Worker-13] INFO  o.e.m.c.i.embedder.EclipseLogger - Using 'UTF-8' encoding to copy filtered resources.
2015-03-02 14:51:46,987 [Worker-13] INFO  o.e.m.c.i.embedder.EclipseLogger - skip non existing resourceDirectory C:\Users\Varun\Documents\GitHub\Seo-CS454\crawler3-app\src\main\resources
2015-03-02 14:51:46,988 [Worker-13] INFO  o.e.m.c.i.embedder.EclipseLogger - Using 'UTF-8' encoding to copy filtered resources.
2015-03-02 14:51:46,989 [Worker-13] INFO  o.e.m.c.i.embedder.EclipseLogger - skip non existing resourceDirectory C:\Users\Varun\Documents\GitHub\Seo-CS454\crawler3-app\src\test\resources
2015-03-02 14:53:13,987 [Worker-14] INFO  o.e.m.c.i.embedder.EclipseLogger - Using 'UTF-8' encoding to copy filtered resources.
2015-03-02 14:53:13,987 [Worker-14] INFO  o.e.m.c.i.embedder.EclipseLogger - skip non existing resourceDirectory C:\Users\Varun\Documents\GitHub\Seo-CS454\crawler3-app\src\main\resources
2015-03-02 14:53:13,989 [Worker-14] INFO  o.e.m.c.i.embedder.EclipseLogger - Using 'UTF-8' encoding to copy filtered resources.
2015-03-02 14:53:13,989 [Worker-14] INFO  o.e.m.c.i.embedder.EclipseLogger - skip non existing resourceDirectory C:\Users\Varun\Documents\GitHub\Seo-CS454\crawler3-app\src\test\resources
2015-03-02 15:01:43,790 [Worker-26] INFO  o.e.m.c.i.embedder.EclipseLogger - Using 'UTF-8' encoding to copy filtered resources.
2015-03-02 15:01:43,791 [Worker-26] INFO  o.e.m.c.i.embedder.EclipseLogger - skip non existing resourceDirectory C:\Users\Varun\Documents\GitHub\Seo-CS454\crawler3-app\src\main\resources
2015-03-02 15:01:43,792 [Worker-26] INFO  o.e.m.c.i.embedder.EclipseLogger - Using 'UTF-8' encoding to copy filtered resources.
2015-03-02 15:01:43,793 [Worker-26] INFO  o.e.m.c.i.embedder.EclipseLogger - skip non existing resourceDirectory C:\Users\Varun\Documents\GitHub\Seo-CS454\crawler3-app\src\test\resources
2015-03-02 15:08:42,540 [Worker-24] INFO  o.e.m.c.i.embedder.EclipseLogger - Using 'UTF-8' encoding to copy filtered resources.
2015-03-02 15:08:42,541 [Worker-24] INFO  o.e.m.c.i.embedder.EclipseLogger - skip non existing resourceDirectory C:\Users\Varun\Documents\GitHub\Seo-CS454\crawler3-app\src\main\resources
2015-03-02 15:08:42,543 [Worker-24] INFO  o.e.m.c.i.embedder.EclipseLogger - Using 'UTF-8' encoding to copy filtered resources.
2015-03-02 15:08:42,544 [Worker-24] INFO  o.e.m.c.i.embedder.EclipseLogger - skip non existing resourceDirectory C:\Users\Varun\Documents\GitHub\Seo-CS454\crawler3-app\src\test\resources
2015-03-02 15:11:12,327 [Worker-23] INFO  o.e.m.c.i.embedder.EclipseLogger - Using 'UTF-8' encoding to copy filtered resources.
2015-03-02 15:11:12,327 [Worker-23] INFO  o.e.m.c.i.embedder.EclipseLogger - skip non existing resourceDirectory C:\Users\Varun\Documents\GitHub\Seo-CS454\crawler3-app\src\main\resources
2015-03-02 15:11:12,329 [Worker-23] INFO  o.e.m.c.i.embedder.EclipseLogger - Using 'UTF-8' encoding to copy filtered resources.
2015-03-02 15:11:12,329 [Worker-23] INFO  o.e.m.c.i.embedder.EclipseLogger - skip non existing resourceDirectory C:\Users\Varun\Documents\GitHub\Seo-CS454\crawler3-app\src\test\resources
2015-03-02 15:14:21,546 [Worker-3] INFO  o.e.m.c.i.embedder.EclipseLogger - Using 'UTF-8' encoding to copy filtered resources.
2015-03-02 15:14:21,546 [Worker-3] INFO  o.e.m.c.i.embedder.EclipseLogger - skip non existing resourceDirectory C:\Users\Varun\Documents\GitHub\Seo-CS454\crawler3-app\src\main\resources
2015-03-02 15:14:21,549 [Worker-3] INFO  o.e.m.c.i.embedder.EclipseLogger - Using 'UTF-8' encoding to copy filtered resources.
2015-03-02 15:14:21,550 [Worker-3] INFO  o.e.m.c.i.embedder.EclipseLogger - skip non existing resourceDirectory C:\Users\Varun\Documents\GitHub\Seo-CS454\crawler3-app\src\test\resources
2015-03-02 15:15:55,192 [Worker-3] INFO  o.e.m.c.i.embedder.EclipseLogger - Using 'UTF-8' encoding to copy filtered resources.
2015-03-02 15:15:55,192 [Worker-3] INFO  o.e.m.c.i.embedder.EclipseLogger - skip non existing resourceDirectory C:\Users\Varun\Documents\GitHub\Seo-CS454\crawler3-app\src\main\resources
2015-03-02 15:15:55,194 [Worker-3] INFO  o.e.m.c.i.embedder.EclipseLogger - Using 'UTF-8' encoding to copy filtered resources.
2015-03-02 15:15:55,194 [Worker-3] INFO  o.e.m.c.i.embedder.EclipseLogger - skip non existing resourceDirectory C:\Users\Varun\Documents\GitHub\Seo-CS454\crawler3-app\src\test\resources
2015-03-02 15:19:00,858 [Worker-19] INFO  o.e.m.c.i.embedder.EclipseLogger - Using 'UTF-8' encoding to copy filtered resources.
2015-03-02 15:19:00,858 [Worker-19] INFO  o.e.m.c.i.embedder.EclipseLogger - skip non existing resourceDirectory C:\Users\Varun\Documents\GitHub\Seo-CS454\crawler3-app\src\main\resources
2015-03-02 15:19:00,859 [Worker-19] INFO  o.e.m.c.i.embedder.EclipseLogger - Using 'UTF-8' encoding to copy filtered resources.
2015-03-02 15:19:00,860 [Worker-19] INFO  o.e.m.c.i.embedder.EclipseLogger - skip non existing resourceDirectory C:\Users\Varun\Documents\GitHub\Seo-CS454\crawler3-app\src\test\resources
2015-03-02 15:21:08,976 [Worker-25] INFO  o.e.m.c.i.embedder.EclipseLogger - Using 'UTF-8' encoding to copy filtered resources.
2015-03-02 15:21:08,976 [Worker-25] INFO  o.e.m.c.i.embedder.EclipseLogger - skip non existing resourceDirectory C:\Users\Varun\Documents\GitHub\Seo-CS454\crawler3-app\src\main\resources
2015-03-02 15:21:08,978 [Worker-25] INFO  o.e.m.c.i.embedder.EclipseLogger - Using 'UTF-8' encoding to copy filtered resources.
2015-03-02 15:21:08,978 [Worker-25] INFO  o.e.m.c.i.embedder.EclipseLogger - skip non existing resourceDirectory C:\Users\Varun\Documents\GitHub\Seo-CS454\crawler3-app\src\test\resources
2015-03-02 15:23:05,643 [Worker-3] INFO  o.e.m.c.i.embedder.EclipseLogger - Using 'UTF-8' encoding to copy filtered resources.
2015-03-02 15:23:05,643 [Worker-3] INFO  o.e.m.c.i.embedder.EclipseLogger - skip non existing resourceDirectory C:\Users\Varun\Documents\GitHub\Seo-CS454\crawler3-app\src\main\resources
2015-03-02 15:23:05,645 [Worker-3] INFO  o.e.m.c.i.embedder.EclipseLogger - Using 'UTF-8' encoding to copy filtered resources.
2015-03-02 15:23:05,645 [Worker-3] INFO  o.e.m.c.i.embedder.EclipseLogger - skip non existing resourceDirectory C:\Users\Varun\Documents\GitHub\Seo-CS454\crawler3-app\src\test\resources
2015-03-02 15:51:09,893 [Worker-27] INFO  o.e.m.c.i.embedder.EclipseLogger - Using 'UTF-8' encoding to copy filtered resources.
2015-03-02 15:51:09,894 [Worker-27] INFO  o.e.m.c.i.embedder.EclipseLogger - skip non existing resourceDirectory C:\Users\Varun\Documents\GitHub\Seo-CS454\crawler3-app\src\main\resources
2015-03-02 15:51:09,895 [Worker-27] INFO  o.e.m.c.i.embedder.EclipseLogger - Using 'UTF-8' encoding to copy filtered resources.
2015-03-02 15:51:09,896 [Worker-27] INFO  o.e.m.c.i.embedder.EclipseLogger - skip non existing resourceDirectory C:\Users\Varun\Documents\GitHub\Seo-CS454\crawler3-app\src\test\resources
2015-03-02 15:58:42,734 [Worker-21] INFO  o.e.m.c.i.embedder.EclipseLogger - Using 'UTF-8' encoding to copy filtered resources.
2015-03-02 15:58:42,735 [Worker-21] INFO  o.e.m.c.i.embedder.EclipseLogger - skip non existing resourceDirectory C:\Users\Varun\Documents\GitHub\Seo-CS454\crawler3-app\src\main\resources
2015-03-02 15:58:42,736 [Worker-21] INFO  o.e.m.c.i.embedder.EclipseLogger - Using 'UTF-8' encoding to copy filtered resources.
2015-03-02 15:58:42,737 [Worker-21] INFO  o.e.m.c.i.embedder.EclipseLogger - skip non existing resourceDirectory C:\Users\Varun\Documents\GitHub\Seo-CS454\crawler3-app\src\test\resources
2015-03-02 16:04:47,911 [Worker-34] INFO  o.e.m.c.i.embedder.EclipseLogger - Using 'UTF-8' encoding to copy filtered resources.
2015-03-02 16:04:47,912 [Worker-34] INFO  o.e.m.c.i.embedder.EclipseLogger - skip non existing resourceDirectory C:\Users\Varun\Documents\GitHub\Seo-CS454\crawler3-app\src\main\resources
2015-03-02 16:04:47,913 [Worker-34] INFO  o.e.m.c.i.embedder.EclipseLogger - Using 'UTF-8' encoding to copy filtered resources.
2015-03-02 16:04:47,913 [Worker-34] INFO  o.e.m.c.i.embedder.EclipseLogger - skip non existing resourceDirectory C:\Users\Varun\Documents\GitHub\Seo-CS454\crawler3-app\src\test\resources
2015-03-02 16:13:54,310 [Worker-29] INFO  o.e.m.c.i.embedder.EclipseLogger - Using 'UTF-8' encoding to copy filtered resources.
2015-03-02 16:13:54,311 [Worker-29] INFO  o.e.m.c.i.embedder.EclipseLogger - skip non existing resourceDirectory C:\Users\Varun\Documents\GitHub\Seo-CS454\crawler3-app\src\main\resources
2015-03-02 16:13:54,312 [Worker-29] INFO  o.e.m.c.i.embedder.EclipseLogger - Using 'UTF-8' encoding to copy filtered resources.
2015-03-02 16:13:54,313 [Worker-29] INFO  o.e.m.c.i.embedder.EclipseLogger - skip non existing resourceDirectory C:\Users\Varun\Documents\GitHub\Seo-CS454\crawler3-app\src\test\resources
2015-03-02 16:17:41,371 [Worker-29] INFO  o.e.m.c.i.embedder.EclipseLogger - Using 'UTF-8' encoding to copy filtered resources.
2015-03-02 16:17:41,371 [Worker-29] INFO  o.e.m.c.i.embedder.EclipseLogger - skip non existing resourceDirectory C:\Users\Varun\Documents\GitHub\Seo-CS454\crawler3-app\src\main\resources
2015-03-02 16:17:41,372 [Worker-29] INFO  o.e.m.c.i.embedder.EclipseLogger - Using 'UTF-8' encoding to copy filtered resources.
2015-03-02 16:17:41,372 [Worker-29] INFO  o.e.m.c.i.embedder.EclipseLogger - skip non existing resourceDirectory C:\Users\Varun\Documents\GitHub\Seo-CS454\crawler3-app\src\test\resources
2015-03-02 16:18:37,846 [Worker-34] INFO  o.e.m.c.i.embedder.EclipseLogger - Using 'UTF-8' encoding to copy filtered resources.
2015-03-02 16:18:37,847 [Worker-34] INFO  o.e.m.c.i.embedder.EclipseLogger - skip non existing resourceDirectory C:\Users\Varun\Documents\GitHub\Seo-CS454\crawler3-app\src\main\resources
2015-03-02 16:18:37,849 [Worker-34] INFO  o.e.m.c.i.embedder.EclipseLogger - Using 'UTF-8' encoding to copy filtered resources.
2015-03-02 16:18:37,849 [Worker-34] INFO  o.e.m.c.i.embedder.EclipseLogger - skip non existing resourceDirectory C:\Users\Varun\Documents\GitHub\Seo-CS454\crawler3-app\src\test\resources
2015-03-02 16:20:13,084 [Worker-34] INFO  o.e.m.c.i.embedder.EclipseLogger - Using 'UTF-8' encoding to copy filtered resources.
2015-03-02 16:20:13,085 [Worker-34] INFO  o.e.m.c.i.embedder.EclipseLogger - skip non existing resourceDirectory C:\Users\Varun\Documents\GitHub\Seo-CS454\crawler3-app\src\main\resources
2015-03-02 16:20:13,086 [Worker-34] INFO  o.e.m.c.i.embedder.EclipseLogger - Using 'UTF-8' encoding to copy filtered resources.
2015-03-02 16:20:13,086 [Worker-34] INFO  o.e.m.c.i.embedder.EclipseLogger - skip non existing resourceDirectory C:\Users\Varun\Documents\GitHub\Seo-CS454\crawler3-app\src\test\resources
2015-03-02 16:24:02,141 [Worker-29] INFO  o.e.m.c.i.embedder.EclipseLogger - Using 'UTF-8' encoding to copy filtered resources.
2015-03-02 16:24:02,141 [Worker-29] INFO  o.e.m.c.i.embedder.EclipseLogger - skip non existing resourceDirectory C:\Users\Varun\Documents\GitHub\Seo-CS454\crawler3-app\src\main\resources
2015-03-02 16:24:02,142 [Worker-29] INFO  o.e.m.c.i.embedder.EclipseLogger - Using 'UTF-8' encoding to copy filtered resources.
2015-03-02 16:24:02,143 [Worker-29] INFO  o.e.m.c.i.embedder.EclipseLogger - skip non existing resourceDirectory C:\Users\Varun\Documents\GitHub\Seo-CS454\crawler3-app\src\test\resources
2015-03-02 16:28:55,473 [Worker-3] INFO  o.e.m.c.i.embedder.EclipseLogger - Using 'UTF-8' encoding to copy filtered resources.
2015-03-02 16:28:55,474 [Worker-3] INFO  o.e.m.c.i.embedder.EclipseLogger - skip non existing resourceDirectory C:\Users\Varun\Documents\GitHub\Seo-CS454\crawler3-app\src\main\resources
2015-03-02 16:28:55,475 [Worker-3] INFO  o.e.m.c.i.embedder.EclipseLogger - Using 'UTF-8' encoding to copy filtered resources.
2015-03-02 16:28:55,475 [Worker-3] INFO  o.e.m.c.i.embedder.EclipseLogger - skip non existing resourceDirectory C:\Users\Varun\Documents\GitHub\Seo-CS454\crawler3-app\src\test\resources
2015-03-02 16:30:38,903 [Worker-36] INFO  o.e.m.c.i.embedder.EclipseLogger - Using 'UTF-8' encoding to copy filtered resources.
2015-03-02 16:30:38,903 [Worker-36] INFO  o.e.m.c.i.embedder.EclipseLogger - skip non existing resourceDirectory C:\Users\Varun\Documents\GitHub\Seo-CS454\crawler3-app\src\main\resources
2015-03-02 16:30:38,905 [Worker-36] INFO  o.e.m.c.i.embedder.EclipseLogger - Using 'UTF-8' encoding to copy filtered resources.
2015-03-02 16:30:38,905 [Worker-36] INFO  o.e.m.c.i.embedder.EclipseLogger - skip non existing resourceDirectory C:\Users\Varun\Documents\GitHub\Seo-CS454\crawler3-app\src\test\resources
2015-03-02 16:30:58,669 [Worker-26] INFO  o.e.m.c.i.embedder.EclipseLogger - Using 'UTF-8' encoding to copy filtered resources.
2015-03-02 16:30:58,670 [Worker-26] INFO  o.e.m.c.i.embedder.EclipseLogger - skip non existing resourceDirectory C:\Users\Varun\Documents\GitHub\Seo-CS454\crawler3-app\src\main\resources
2015-03-02 16:30:58,673 [Worker-26] INFO  o.e.m.c.i.embedder.EclipseLogger - Using 'UTF-8' encoding to copy filtered resources.
2015-03-02 16:30:58,674 [Worker-26] INFO  o.e.m.c.i.embedder.EclipseLogger - skip non existing resourceDirectory C:\Users\Varun\Documents\GitHub\Seo-CS454\crawler3-app\src\test\resources
2015-03-02 16:32:43,221 [Worker-33] INFO  o.e.m.c.i.embedder.EclipseLogger - Using 'UTF-8' encoding to copy filtered resources.
2015-03-02 16:32:43,221 [Worker-33] INFO  o.e.m.c.i.embedder.EclipseLogger - skip non existing resourceDirectory C:\Users\Varun\Documents\GitHub\Seo-CS454\crawler3-app\src\main\resources
2015-03-02 16:32:43,223 [Worker-33] INFO  o.e.m.c.i.embedder.EclipseLogger - Using 'UTF-8' encoding to copy filtered resources.
2015-03-02 16:32:43,223 [Worker-33] INFO  o.e.m.c.i.embedder.EclipseLogger - skip non existing resourceDirectory C:\Users\Varun\Documents\GitHub\Seo-CS454\crawler3-app\src\test\resources
2015-03-02 16:36:17,552 [Worker-26] INFO  o.e.m.c.i.embedder.EclipseLogger - Using 'UTF-8' encoding to copy filtered resources.
2015-03-02 16:36:17,552 [Worker-26] INFO  o.e.m.c.i.embedder.EclipseLogger - skip non existing resourceDirectory C:\Users\Varun\Documents\GitHub\Seo-CS454\crawler3-app\src\main\resources
2015-03-02 16:36:17,554 [Worker-26] INFO  o.e.m.c.i.embedder.EclipseLogger - Using 'UTF-8' encoding to copy filtered resources.
2015-03-02 16:36:17,554 [Worker-26] INFO  o.e.m.c.i.embedder.EclipseLogger - skip non existing resourceDirectory C:\Users\Varun\Documents\GitHub\Seo-CS454\crawler3-app\src\test\resources
2015-03-02 16:37:45,627 [Worker-26] INFO  o.e.m.c.i.embedder.EclipseLogger - Using 'UTF-8' encoding to copy filtered resources.
2015-03-02 16:37:45,627 [Worker-26] INFO  o.e.m.c.i.embedder.EclipseLogger - skip non existing resourceDirectory C:\Users\Varun\Documents\GitHub\Seo-CS454\crawler3-app\src\main\resources
2015-03-02 16:37:45,628 [Worker-26] INFO  o.e.m.c.i.embedder.EclipseLogger - Using 'UTF-8' encoding to copy filtered resources.
2015-03-02 16:37:45,629 [Worker-26] INFO  o.e.m.c.i.embedder.EclipseLogger - skip non existing resourceDirectory C:\Users\Varun\Documents\GitHub\Seo-CS454\crawler3-app\src\test\resources
2015-03-02 16:41:04,640 [Worker-23] INFO  o.e.m.c.i.embedder.EclipseLogger - Using 'UTF-8' encoding to copy filtered resources.
2015-03-02 16:41:04,641 [Worker-23] INFO  o.e.m.c.i.embedder.EclipseLogger - skip non existing resourceDirectory C:\Users\Varun\Documents\GitHub\Seo-CS454\crawler3-app\src\main\resources
2015-03-02 16:41:04,642 [Worker-23] INFO  o.e.m.c.i.embedder.EclipseLogger - Using 'UTF-8' encoding to copy filtered resources.
2015-03-02 16:41:04,642 [Worker-23] INFO  o.e.m.c.i.embedder.EclipseLogger - skip non existing resourceDirectory C:\Users\Varun\Documents\GitHub\Seo-CS454\crawler3-app\src\test\resources
2015-03-02 17:04:06,677 [Worker-34] INFO  o.e.m.c.i.embedder.EclipseLogger - Using 'UTF-8' encoding to copy filtered resources.
2015-03-02 17:04:06,678 [Worker-34] INFO  o.e.m.c.i.embedder.EclipseLogger - skip non existing resourceDirectory C:\Users\Varun\Documents\GitHub\Seo-CS454\crawler3-app\src\main\resources
2015-03-02 17:04:06,680 [Worker-34] INFO  o.e.m.c.i.embedder.EclipseLogger - Using 'UTF-8' encoding to copy filtered resources.
2015-03-02 17:04:06,680 [Worker-34] INFO  o.e.m.c.i.embedder.EclipseLogger - skip non existing resourceDirectory C:\Users\Varun\Documents\GitHub\Seo-CS454\crawler3-app\src\test\resources
2015-03-02 17:04:54,470 [Worker-37] INFO  o.e.m.c.i.embedder.EclipseLogger - Using 'UTF-8' encoding to copy filtered resources.
2015-03-02 17:04:54,471 [Worker-37] INFO  o.e.m.c.i.embedder.EclipseLogger - skip non existing resourceDirectory C:\Users\Varun\Documents\GitHub\Seo-CS454\crawler3-app\src\main\resources
2015-03-02 17:04:54,472 [Worker-37] INFO  o.e.m.c.i.embedder.EclipseLogger - Using 'UTF-8' encoding to copy filtered resources.
2015-03-02 17:04:54,472 [Worker-37] INFO  o.e.m.c.i.embedder.EclipseLogger - skip non existing resourceDirectory C:\Users\Varun\Documents\GitHub\Seo-CS454\crawler3-app\src\test\resources
2015-03-02 17:09:57,223 [Worker-23] INFO  o.e.m.c.i.embedder.EclipseLogger - Using 'UTF-8' encoding to copy filtered resources.
2015-03-02 17:09:57,223 [Worker-23] INFO  o.e.m.c.i.embedder.EclipseLogger - skip non existing resourceDirectory C:\Users\Varun\Documents\GitHub\Seo-CS454\crawler3-app\src\main\resources
2015-03-02 17:09:57,225 [Worker-23] INFO  o.e.m.c.i.embedder.EclipseLogger - Using 'UTF-8' encoding to copy filtered resources.
2015-03-02 17:09:57,226 [Worker-23] INFO  o.e.m.c.i.embedder.EclipseLogger - skip non existing resourceDirectory C:\Users\Varun\Documents\GitHub\Seo-CS454\crawler3-app\src\test\resources
2015-03-02 17:10:16,525 [Worker-29] INFO  o.e.m.c.i.embedder.EclipseLogger - Using 'UTF-8' encoding to copy filtered resources.
2015-03-02 17:10:16,525 [Worker-29] INFO  o.e.m.c.i.embedder.EclipseLogger - skip non existing resourceDirectory C:\Users\Varun\Documents\GitHub\Seo-CS454\crawler3-app\src\main\resources
2015-03-02 17:10:16,527 [Worker-29] INFO  o.e.m.c.i.embedder.EclipseLogger - Using 'UTF-8' encoding to copy filtered resources.
2015-03-02 17:10:16,527 [Worker-29] INFO  o.e.m.c.i.embedder.EclipseLogger - skip non existing resourceDirectory C:\Users\Varun\Documents\GitHub\Seo-CS454\crawler3-app\src\test\resources
2015-03-02 17:10:26,162 [Worker-39] INFO  o.e.m.c.i.embedder.EclipseLogger - Using 'UTF-8' encoding to copy filtered resources.
2015-03-02 17:10:26,163 [Worker-39] INFO  o.e.m.c.i.embedder.EclipseLogger - skip non existing resourceDirectory C:\Users\Varun\Documents\GitHub\Seo-CS454\crawler3-app\src\main\resources
2015-03-02 17:10:26,164 [Worker-39] INFO  o.e.m.c.i.embedder.EclipseLogger - Using 'UTF-8' encoding to copy filtered resources.
2015-03-02 17:10:26,165 [Worker-39] INFO  o.e.m.c.i.embedder.EclipseLogger - skip non existing resourceDirectory C:\Users\Varun\Documents\GitHub\Seo-CS454\crawler3-app\src\test\resources
2015-03-02 17:12:20,441 [Worker-40] INFO  o.e.m.c.i.embedder.EclipseLogger - Using 'UTF-8' encoding to copy filtered resources.
2015-03-02 17:12:20,442 [Worker-40] INFO  o.e.m.c.i.embedder.EclipseLogger - skip non existing resourceDirectory C:\Users\Varun\Documents\GitHub\Seo-CS454\crawler3-app\src\main\resources
2015-03-02 17:12:20,443 [Worker-40] INFO  o.e.m.c.i.embedder.EclipseLogger - Using 'UTF-8' encoding to copy filtered resources.
2015-03-02 17:12:20,443 [Worker-40] INFO  o.e.m.c.i.embedder.EclipseLogger - skip non existing resourceDirectory C:\Users\Varun\Documents\GitHub\Seo-CS454\crawler3-app\src\test\resources
2015-03-02 17:15:55,085 [Worker-34] INFO  o.e.m.c.i.embedder.EclipseLogger - Using 'UTF-8' encoding to copy filtered resources.
2015-03-02 17:15:55,085 [Worker-34] INFO  o.e.m.c.i.embedder.EclipseLogger - skip non existing resourceDirectory C:\Users\Varun\Documents\GitHub\Seo-CS454\crawler3-app\src\main\resources
2015-03-02 17:15:55,086 [Worker-34] INFO  o.e.m.c.i.embedder.EclipseLogger - Using 'UTF-8' encoding to copy filtered resources.
2015-03-02 17:15:55,087 [Worker-34] INFO  o.e.m.c.i.embedder.EclipseLogger - skip non existing resourceDirectory C:\Users\Varun\Documents\GitHub\Seo-CS454\crawler3-app\src\test\resources
2015-03-02 17:16:58,408 [Worker-24] INFO  o.e.m.c.i.embedder.EclipseLogger - Using 'UTF-8' encoding to copy filtered resources.
2015-03-02 17:16:58,409 [Worker-24] INFO  o.e.m.c.i.embedder.EclipseLogger - skip non existing resourceDirectory C:\Users\Varun\Documents\GitHub\Seo-CS454\crawler3-app\src\main\resources
2015-03-02 17:16:58,412 [Worker-24] INFO  o.e.m.c.i.embedder.EclipseLogger - Using 'UTF-8' encoding to copy filtered resources.
2015-03-02 17:16:58,413 [Worker-24] INFO  o.e.m.c.i.embedder.EclipseLogger - skip non existing resourceDirectory C:\Users\Varun\Documents\GitHub\Seo-CS454\crawler3-app\src\test\resources
2015-03-02 17:27:09,068 [Worker-40] INFO  o.e.m.c.i.embedder.EclipseLogger - Using 'UTF-8' encoding to copy filtered resources.
2015-03-02 17:27:09,069 [Worker-40] INFO  o.e.m.c.i.embedder.EclipseLogger - skip non existing resourceDirectory C:\Users\Varun\Documents\GitHub\Seo-CS454\crawler3-app\src\main\resources
2015-03-02 17:27:09,071 [Worker-40] INFO  o.e.m.c.i.embedder.EclipseLogger - Using 'UTF-8' encoding to copy filtered resources.
2015-03-02 17:27:09,071 [Worker-40] INFO  o.e.m.c.i.embedder.EclipseLogger - skip non existing resourceDirectory C:\Users\Varun\Documents\GitHub\Seo-CS454\crawler3-app\src\test\resources
2015-03-02 17:29:18,792 [Worker-41] INFO  o.e.m.c.i.embedder.EclipseLogger - Using 'UTF-8' encoding to copy filtered resources.
2015-03-02 17:29:18,792 [Worker-41] INFO  o.e.m.c.i.embedder.EclipseLogger - skip non existing resourceDirectory C:\Users\Varun\Documents\GitHub\Seo-CS454\crawler3-app\src\main\resources
2015-03-02 17:29:18,793 [Worker-41] INFO  o.e.m.c.i.embedder.EclipseLogger - Using 'UTF-8' encoding to copy filtered resources.
2015-03-02 17:29:18,793 [Worker-41] INFO  o.e.m.c.i.embedder.EclipseLogger - skip non existing resourceDirectory C:\Users\Varun\Documents\GitHub\Seo-CS454\crawler3-app\src\test\resources
2015-03-02 17:30:13,036 [Worker-43] INFO  o.e.m.c.i.embedder.EclipseLogger - Using 'UTF-8' encoding to copy filtered resources.
2015-03-02 17:30:13,037 [Worker-43] INFO  o.e.m.c.i.embedder.EclipseLogger - skip non existing resourceDirectory C:\Users\Varun\Documents\GitHub\Seo-CS454\crawler3-app\src\main\resources
2015-03-02 17:30:13,039 [Worker-43] INFO  o.e.m.c.i.embedder.EclipseLogger - Using 'UTF-8' encoding to copy filtered resources.
2015-03-02 17:30:13,039 [Worker-43] INFO  o.e.m.c.i.embedder.EclipseLogger - skip non existing resourceDirectory C:\Users\Varun\Documents\GitHub\Seo-CS454\crawler3-app\src\test\resources
2015-03-02 17:32:05,246 [Worker-43] INFO  o.e.m.c.i.embedder.EclipseLogger - Using 'UTF-8' encoding to copy filtered resources.
2015-03-02 17:32:05,246 [Worker-43] INFO  o.e.m.c.i.embedder.EclipseLogger - skip non existing resourceDirectory C:\Users\Varun\Documents\GitHub\Seo-CS454\crawler3-app\src\main\resources
2015-03-02 17:32:05,248 [Worker-43] INFO  o.e.m.c.i.embedder.EclipseLogger - Using 'UTF-8' encoding to copy filtered resources.
2015-03-02 17:32:05,248 [Worker-43] INFO  o.e.m.c.i.embedder.EclipseLogger - skip non existing resourceDirectory C:\Users\Varun\Documents\GitHub\Seo-CS454\crawler3-app\src\test\resources
2015-03-02 17:37:09,664 [Worker-44] INFO  o.e.m.c.i.embedder.EclipseLogger - Using 'UTF-8' encoding to copy filtered resources.
2015-03-02 17:37:09,665 [Worker-44] INFO  o.e.m.c.i.embedder.EclipseLogger - skip non existing resourceDirectory C:\Users\Varun\Documents\GitHub\Seo-CS454\crawler3-app\src\main\resources
2015-03-02 17:37:09,666 [Worker-44] INFO  o.e.m.c.i.embedder.EclipseLogger - Using 'UTF-8' encoding to copy filtered resources.
2015-03-02 17:37:09,667 [Worker-44] INFO  o.e.m.c.i.embedder.EclipseLogger - skip non existing resourceDirectory C:\Users\Varun\Documents\GitHub\Seo-CS454\crawler3-app\src\test\resources
2015-03-02 17:37:25,067 [Worker-33] INFO  o.e.m.c.i.embedder.EclipseLogger - Using 'UTF-8' encoding to copy filtered resources.
2015-03-02 17:37:25,068 [Worker-33] INFO  o.e.m.c.i.embedder.EclipseLogger - skip non existing resourceDirectory C:\Users\Varun\Documents\GitHub\Seo-CS454\crawler3-app\src\main\resources
2015-03-02 17:37:25,069 [Worker-33] INFO  o.e.m.c.i.embedder.EclipseLogger - Using 'UTF-8' encoding to copy filtered resources.
2015-03-02 17:37:25,070 [Worker-33] INFO  o.e.m.c.i.embedder.EclipseLogger - skip non existing resourceDirectory C:\Users\Varun\Documents\GitHub\Seo-CS454\crawler3-app\src\test\resources
2015-03-02 17:38:51,767 [Worker-44] INFO  o.e.m.c.i.embedder.EclipseLogger - Using 'UTF-8' encoding to copy filtered resources.
2015-03-02 17:38:51,768 [Worker-44] INFO  o.e.m.c.i.embedder.EclipseLogger - skip non existing resourceDirectory C:\Users\Varun\Documents\GitHub\Seo-CS454\crawler3-app\src\main\resources
2015-03-02 17:38:51,769 [Worker-44] INFO  o.e.m.c.i.embedder.EclipseLogger - Using 'UTF-8' encoding to copy filtered resources.
2015-03-02 17:38:51,769 [Worker-44] INFO  o.e.m.c.i.embedder.EclipseLogger - skip non existing resourceDirectory C:\Users\Varun\Documents\GitHub\Seo-CS454\crawler3-app\src\test\resources
2015-03-02 17:46:23,673 [Worker-45] INFO  o.e.m.c.i.embedder.EclipseLogger - Using 'UTF-8' encoding to copy filtered resources.
2015-03-02 17:46:23,674 [Worker-45] INFO  o.e.m.c.i.embedder.EclipseLogger - skip non existing resourceDirectory C:\Users\Varun\Documents\GitHub\Seo-CS454\crawler3-app\src\main\resources
2015-03-02 17:46:23,676 [Worker-45] INFO  o.e.m.c.i.embedder.EclipseLogger - Using 'UTF-8' encoding to copy filtered resources.
2015-03-02 17:46:23,676 [Worker-45] INFO  o.e.m.c.i.embedder.EclipseLogger - skip non existing resourceDirectory C:\Users\Varun\Documents\GitHub\Seo-CS454\crawler3-app\src\test\resources
2015-03-02 17:46:35,674 [Worker-44] INFO  o.e.m.c.i.embedder.EclipseLogger - Using 'UTF-8' encoding to copy filtered resources.
2015-03-02 17:46:35,675 [Worker-44] INFO  o.e.m.c.i.embedder.EclipseLogger - skip non existing resourceDirectory C:\Users\Varun\Documents\GitHub\Seo-CS454\crawler3-app\src\main\resources
2015-03-02 17:46:35,676 [Worker-44] INFO  o.e.m.c.i.embedder.EclipseLogger - Using 'UTF-8' encoding to copy filtered resources.
2015-03-02 17:46:35,677 [Worker-44] INFO  o.e.m.c.i.embedder.EclipseLogger - skip non existing resourceDirectory C:\Users\Varun\Documents\GitHub\Seo-CS454\crawler3-app\src\test\resources
2015-03-02 17:46:42,229 [Worker-33] INFO  o.e.m.c.i.embedder.EclipseLogger - Using 'UTF-8' encoding to copy filtered resources.
2015-03-02 17:46:42,230 [Worker-33] INFO  o.e.m.c.i.embedder.EclipseLogger - skip non existing resourceDirectory C:\Users\Varun\Documents\GitHub\Seo-CS454\crawler3-app\src\main\resources
2015-03-02 17:46:42,232 [Worker-33] INFO  o.e.m.c.i.embedder.EclipseLogger - Using 'UTF-8' encoding to copy filtered resources.
2015-03-02 17:46:42,232 [Worker-33] INFO  o.e.m.c.i.embedder.EclipseLogger - skip non existing resourceDirectory C:\Users\Varun\Documents\GitHub\Seo-CS454\crawler3-app\src\test\resources
2015-03-02 17:49:07,120 [Worker-29] INFO  o.e.m.c.i.embedder.EclipseLogger - Using 'UTF-8' encoding to copy filtered resources.
2015-03-02 17:49:07,121 [Worker-29] INFO  o.e.m.c.i.embedder.EclipseLogger - skip non existing resourceDirectory C:\Users\Varun\Documents\GitHub\Seo-CS454\crawler3-app\src\main\resources
2015-03-02 17:49:07,123 [Worker-29] INFO  o.e.m.c.i.embedder.EclipseLogger - Using 'UTF-8' encoding to copy filtered resources.
2015-03-02 17:49:07,123 [Worker-29] INFO  o.e.m.c.i.embedder.EclipseLogger - skip non existing resourceDirectory C:\Users\Varun\Documents\GitHub\Seo-CS454\crawler3-app\src\test\resources
2015-03-02 17:49:32,420 [Worker-37] INFO  o.e.m.c.i.embedder.EclipseLogger - Using 'UTF-8' encoding to copy filtered resources.
2015-03-02 17:49:32,421 [Worker-37] INFO  o.e.m.c.i.embedder.EclipseLogger - skip non existing resourceDirectory C:\Users\Varun\Documents\GitHub\Seo-CS454\crawler3-app\src\main\resources
2015-03-02 17:49:32,422 [Worker-37] INFO  o.e.m.c.i.embedder.EclipseLogger - Using 'UTF-8' encoding to copy filtered resources.
2015-03-02 17:49:32,423 [Worker-37] INFO  o.e.m.c.i.embedder.EclipseLogger - skip non existing resourceDirectory C:\Users\Varun\Documents\GitHub\Seo-CS454\crawler3-app\src\test\resources
2015-03-02 17:56:57,406 [Worker-44] INFO  o.e.m.c.i.embedder.EclipseLogger - Using 'UTF-8' encoding to copy filtered resources.
2015-03-02 17:56:57,407 [Worker-44] INFO  o.e.m.c.i.embedder.EclipseLogger - skip non existing resourceDirectory C:\Users\Varun\Documents\GitHub\Seo-CS454\crawler3-app\src\main\resources
2015-03-02 17:56:57,409 [Worker-44] INFO  o.e.m.c.i.embedder.EclipseLogger - Using 'UTF-8' encoding to copy filtered resources.
2015-03-02 17:56:57,409 [Worker-44] INFO  o.e.m.c.i.embedder.EclipseLogger - skip non existing resourceDirectory C:\Users\Varun\Documents\GitHub\Seo-CS454\crawler3-app\src\test\resources
2015-03-02 18:02:54,014 [Worker-37] INFO  o.e.m.c.i.embedder.EclipseLogger - Using 'UTF-8' encoding to copy filtered resources.
2015-03-02 18:02:54,017 [Worker-37] INFO  o.e.m.c.i.embedder.EclipseLogger - skip non existing resourceDirectory C:\Users\Varun\Documents\GitHub\Seo-CS454\crawler3-app\src\main\resources
2015-03-02 18:02:54,019 [Worker-37] INFO  o.e.m.c.i.embedder.EclipseLogger - Using 'UTF-8' encoding to copy filtered resources.
2015-03-02 18:02:54,020 [Worker-37] INFO  o.e.m.c.i.embedder.EclipseLogger - skip non existing resourceDirectory C:\Users\Varun\Documents\GitHub\Seo-CS454\crawler3-app\src\test\resources
2015-03-02 18:17:01,356 [Worker-44] INFO  o.e.m.c.i.embedder.EclipseLogger - Using 'UTF-8' encoding to copy filtered resources.
2015-03-02 18:17:01,357 [Worker-44] INFO  o.e.m.c.i.embedder.EclipseLogger - skip non existing resourceDirectory C:\Users\Varun\Documents\GitHub\Seo-CS454\crawler3-app\src\main\resources
2015-03-02 18:17:01,358 [Worker-44] INFO  o.e.m.c.i.embedder.EclipseLogger - Using 'UTF-8' encoding to copy filtered resources.
2015-03-02 18:17:01,358 [Worker-44] INFO  o.e.m.c.i.embedder.EclipseLogger - skip non existing resourceDirectory C:\Users\Varun\Documents\GitHub\Seo-CS454\crawler3-app\src\test\resources
2015-03-02 18:17:41,504 [Worker-37] INFO  o.e.m.c.i.embedder.EclipseLogger - Using 'UTF-8' encoding to copy filtered resources.
2015-03-02 18:17:41,504 [Worker-37] INFO  o.e.m.c.i.embedder.EclipseLogger - skip non existing resourceDirectory C:\Users\Varun\Documents\GitHub\Seo-CS454\crawler3-app\src\main\resources
2015-03-02 18:17:41,505 [Worker-37] INFO  o.e.m.c.i.embedder.EclipseLogger - Using 'UTF-8' encoding to copy filtered resources.
2015-03-02 18:17:41,506 [Worker-37] INFO  o.e.m.c.i.embedder.EclipseLogger - skip non existing resourceDirectory C:\Users\Varun\Documents\GitHub\Seo-CS454\crawler3-app\src\test\resources
2015-03-02 18:19:21,501 [Worker-29] INFO  o.e.m.c.i.embedder.EclipseLogger - Using 'UTF-8' encoding to copy filtered resources.
2015-03-02 18:19:21,501 [Worker-29] INFO  o.e.m.c.i.embedder.EclipseLogger - skip non existing resourceDirectory C:\Users\Varun\Documents\GitHub\Seo-CS454\crawler3-app\src\main\resources
2015-03-02 18:19:21,503 [Worker-29] INFO  o.e.m.c.i.embedder.EclipseLogger - Using 'UTF-8' encoding to copy filtered resources.
2015-03-02 18:19:21,503 [Worker-29] INFO  o.e.m.c.i.embedder.EclipseLogger - skip non existing resourceDirectory C:\Users\Varun\Documents\GitHub\Seo-CS454\crawler3-app\src\test\resources
2015-03-02 18:20:18,318 [Worker-46] INFO  o.e.m.c.i.embedder.EclipseLogger - Using 'UTF-8' encoding to copy filtered resources.
2015-03-02 18:20:18,319 [Worker-46] INFO  o.e.m.c.i.embedder.EclipseLogger - skip non existing resourceDirectory C:\Users\Varun\Documents\GitHub\Seo-CS454\crawler3-app\src\main\resources
2015-03-02 18:20:18,320 [Worker-46] INFO  o.e.m.c.i.embedder.EclipseLogger - Using 'UTF-8' encoding to copy filtered resources.
2015-03-02 18:20:18,321 [Worker-46] INFO  o.e.m.c.i.embedder.EclipseLogger - skip non existing resourceDirectory C:\Users\Varun\Documents\GitHub\Seo-CS454\crawler3-app\src\test\resources
2015-03-02 18:21:04,330 [Worker-44] INFO  o.e.m.c.i.embedder.EclipseLogger - Using 'UTF-8' encoding to copy filtered resources.
2015-03-02 18:21:04,330 [Worker-44] INFO  o.e.m.c.i.embedder.EclipseLogger - skip non existing resourceDirectory C:\Users\Varun\Documents\GitHub\Seo-CS454\crawler3-app\src\main\resources
2015-03-02 18:21:04,332 [Worker-44] INFO  o.e.m.c.i.embedder.EclipseLogger - Using 'UTF-8' encoding to copy filtered resources.
2015-03-02 18:21:04,332 [Worker-44] INFO  o.e.m.c.i.embedder.EclipseLogger - skip non existing resourceDirectory C:\Users\Varun\Documents\GitHub\Seo-CS454\crawler3-app\src\test\resources
2015-03-02 18:29:37,006 [Worker-42] INFO  o.e.m.c.i.embedder.EclipseLogger - Using 'UTF-8' encoding to copy filtered resources.
2015-03-02 18:29:37,007 [Worker-42] INFO  o.e.m.c.i.embedder.EclipseLogger - skip non existing resourceDirectory C:\Users\Varun\Documents\GitHub\Seo-CS454\crawler3-app\src\main\resources
2015-03-02 18:29:37,009 [Worker-42] INFO  o.e.m.c.i.embedder.EclipseLogger - Using 'UTF-8' encoding to copy filtered resources.
2015-03-02 18:29:37,009 [Worker-42] INFO  o.e.m.c.i.embedder.EclipseLogger - skip non existing resourceDirectory C:\Users\Varun\Documents\GitHub\Seo-CS454\crawler3-app\src\test\resources
2015-03-02 18:31:14,319 [Worker-46] INFO  o.e.m.c.i.embedder.EclipseLogger - Using 'UTF-8' encoding to copy filtered resources.
2015-03-02 18:31:14,320 [Worker-46] INFO  o.e.m.c.i.embedder.EclipseLogger - skip non existing resourceDirectory C:\Users\Varun\Documents\GitHub\Seo-CS454\crawler3-app\src\main\resources
2015-03-02 18:31:14,321 [Worker-46] INFO  o.e.m.c.i.embedder.EclipseLogger - Using 'UTF-8' encoding to copy filtered resources.
2015-03-02 18:31:14,322 [Worker-46] INFO  o.e.m.c.i.embedder.EclipseLogger - skip non existing resourceDirectory C:\Users\Varun\Documents\GitHub\Seo-CS454\crawler3-app\src\test\resources
2015-03-02 18:34:01,582 [Worker-46] INFO  o.e.m.c.i.embedder.EclipseLogger - Using 'UTF-8' encoding to copy filtered resources.
2015-03-02 18:34:01,582 [Worker-46] INFO  o.e.m.c.i.embedder.EclipseLogger - skip non existing resourceDirectory C:\Users\Varun\Documents\GitHub\Seo-CS454\crawler3-app\src\main\resources
2015-03-02 18:34:01,584 [Worker-46] INFO  o.e.m.c.i.embedder.EclipseLogger - Using 'UTF-8' encoding to copy filtered resources.
2015-03-02 18:34:01,584 [Worker-46] INFO  o.e.m.c.i.embedder.EclipseLogger - skip non existing resourceDirectory C:\Users\Varun\Documents\GitHub\Seo-CS454\crawler3-app\src\test\resources
